The system is: Linux - 6.6.20-starfive - riscv64
Compiling the C compiler identification source file "CMakeCCompilerId.c" succeeded.
Compiler: /usr/bin/cc 
Build flags: 
Id flags:  

The output was:
0


Compilation of the C compiler identification source "CMakeCCompilerId.c" produced "a.out"

The C compiler identification is GNU, found in "/home/user/workspace/imx219_83/D219-9dof/04-stereoBM/CMakeFiles/3.25.1/CompilerIdC/a.out"

Compiling the CXX compiler identification source file "CMakeCXXCompilerId.cpp" succeeded.
Compiler: /usr/bin/c++ 
Build flags: 
Id flags:  

The output was:
0


Compilation of the CXX compiler identification source "CMakeCXXCompilerId.cpp" produced "a.out"

The CXX compiler identification is GNU, found in "/home/user/workspace/imx219_83/D219-9dof/04-stereoBM/CMakeFiles/3.25.1/CompilerIdCXX/a.out"

Detecting C compiler ABI info compiled with the following output:
Change Dir: /home/user/workspace/imx219_83/D219-9dof/04-stereoBM/CMakeFiles/CMakeScratch/TryCompile-AGR7eU

Run Build Command(s):/usr/bin/gmake -f Makefile cmTC_3048d/fast && /usr/bin/gmake  -f CMakeFiles/cmTC_3048d.dir/build.make CMakeFiles/cmTC_3048d.dir/build
gmake[1]: Entering directory '/home/user/workspace/imx219_83/D219-9dof/04-stereoBM/CMakeFiles/CMakeScratch/TryCompile-AGR7eU'
Building C object CMakeFiles/cmTC_3048d.dir/CMakeCCompilerABI.c.o
/usr/bin/cc   -v -o CMakeFiles/cmTC_3048d.dir/CMakeCCompilerABI.c.o -c /usr/share/cmake-3.25/Modules/CMakeCCompilerABI.c
Using built-in specs.
COLLECT_GCC=/usr/bin/cc
Target: riscv64-linux-gnu
Configured with: ../src/configure -v --with-pkgversion='Debian 12.2.0-14' --with-bugurl=file:///usr/share/doc/gcc-12/README.Bugs --enable-languages=c,ada,c++,go,d,fortran,objc,obj-c++,m2 --prefix=/usr --with-gcc-major-version-only --program-suffix=-12 --program-prefix=riscv64-linux-gnu- --enable-shared --enable-linker-build-id --libexecdir=/usr/lib --without-included-gettext --enable-threads=posix --libdir=/usr/lib --enable-nls --enable-clocale=gnu --enable-libstdcxx-debug --enable-libstdcxx-time=yes --with-default-libstdcxx-abi=new --enable-gnu-unique-object --disable-libitm --disable-libquadmath --disable-libquadmath-support --enable-plugin --enable-default-pie --with-system-zlib --enable-libphobos-checking=release --with-target-system-zlib=auto --enable-objc-gc=auto --enable-multiarch --disable-werror --disable-multilib --with-arch=rv64gc --with-abi=lp64d --enable-checking=release --build=riscv64-linux-gnu --host=riscv64-linux-gnu --target=riscv64-linux-gnu
Thread model: posix
Supported LTO compression algorithms: zlib zstd
gcc version 12.2.0 (Debian 12.2.0-14) 
COLLECT_GCC_OPTIONS='-v' '-o' 'CMakeFiles/cmTC_3048d.dir/CMakeCCompilerABI.c.o' '-c' '-march=rv64imafdc_zicsr_zifencei' '-mabi=lp64d' '-misa-spec=20191213' '-march=rv64imafdc_zicsr_zifencei' '-dumpdir' 'CMakeFiles/cmTC_3048d.dir/'
 /usr/lib/gcc/riscv64-linux-gnu/12/cc1 -quiet -v -imultilib . -imultiarch riscv64-linux-gnu /usr/share/cmake-3.25/Modules/CMakeCCompilerABI.c -quiet -dumpdir CMakeFiles/cmTC_3048d.dir/ -dumpbase CMakeCCompilerABI.c.c -dumpbase-ext .c -march=rv64imafdc_zicsr_zifencei -mabi=lp64d -misa-spec=20191213 -march=rv64imafdc_zicsr_zifencei -version -o /tmp/cc9zUOVd.s
GNU C17 (Debian 12.2.0-14) version 12.2.0 (riscv64-linux-gnu)
	compiled by GNU C version 12.2.0, GMP version 6.2.1, MPFR version 4.1.1-p1, MPC version 1.3.1, isl version isl-0.26-GMP

warning: MPFR header version 4.1.1-p1 differs from library version 4.2.0.
GGC heuristics: --param ggc-min-expand=100 --param ggc-min-heapsize=131072
ignoring nonexistent directory "/usr/local/include/riscv64-linux-gnu"
ignoring nonexistent directory "/usr/lib/gcc/riscv64-linux-gnu/12/include-fixed"
ignoring nonexistent directory "/usr/lib/gcc/riscv64-linux-gnu/12/../../../../riscv64-linux-gnu/include"
#include "..." search starts here:
#include <...> search starts here:
 /usr/lib/gcc/riscv64-linux-gnu/12/include
 /usr/local/include
 /usr/include/riscv64-linux-gnu
 /usr/include
End of search list.
GNU C17 (Debian 12.2.0-14) version 12.2.0 (riscv64-linux-gnu)
	compiled by GNU C version 12.2.0, GMP version 6.2.1, MPFR version 4.1.1-p1, MPC version 1.3.1, isl version isl-0.26-GMP

warning: MPFR header version 4.1.1-p1 differs from library version 4.2.0.
GGC heuristics: --param ggc-min-expand=100 --param ggc-min-heapsize=131072
Compiler executable checksum: e04bd7f5e639b1ca8a471823d02105c8
COLLECT_GCC_OPTIONS='-v' '-o' 'CMakeFiles/cmTC_3048d.dir/CMakeCCompilerABI.c.o' '-c' '-march=rv64imafdc_zicsr_zifencei' '-mabi=lp64d' '-misa-spec=20191213' '-march=rv64imafdc_zicsr_zifencei' '-dumpdir' 'CMakeFiles/cmTC_3048d.dir/'
 as -v --traditional-format -fpic -march=rv64imafdc_zicsr_zifencei -march=rv64imafdc_zicsr_zifencei -mabi=lp64d -misa-spec=20191213 -o CMakeFiles/cmTC_3048d.dir/CMakeCCompilerABI.c.o /tmp/cc9zUOVd.s
GNU assembler version 2.40 (riscv64-linux-gnu) using BFD version (GNU Binutils for Debian) 2.40
COMPILER_PATH=/usr/lib/gcc/riscv64-linux-gnu/12/:/usr/lib/gcc/riscv64-linux-gnu/12/:/usr/lib/gcc/riscv64-linux-gnu/:/usr/lib/gcc/riscv64-linux-gnu/12/:/usr/lib/gcc/riscv64-linux-gnu/
LIBRARY_PATH=/usr/lib/gcc/riscv64-linux-gnu/12/:/lib/riscv64-linux-gnu/:/lib/:/usr/lib/riscv64-linux-gnu/:/usr/lib/
COLLECT_GCC_OPTIONS='-v' '-o' 'CMakeFiles/cmTC_3048d.dir/CMakeCCompilerABI.c.o' '-c' '-march=rv64imafdc_zicsr_zifencei' '-mabi=lp64d' '-misa-spec=20191213' '-march=rv64imafdc_zicsr_zifencei' '-dumpdir' 'CMakeFiles/cmTC_3048d.dir/CMakeCCompilerABI.c.'
Linking C executable cmTC_3048d
/usr/bin/cmake -E cmake_link_script CMakeFiles/cmTC_3048d.dir/link.txt --verbose=1
/usr/bin/cc  -v -rdynamic CMakeFiles/cmTC_3048d.dir/CMakeCCompilerABI.c.o -o cmTC_3048d 
Using built-in specs.
COLLECT_GCC=/usr/bin/cc
COLLECT_LTO_WRAPPER=/usr/lib/gcc/riscv64-linux-gnu/12/lto-wrapper
Target: riscv64-linux-gnu
Configured with: ../src/configure -v --with-pkgversion='Debian 12.2.0-14' --with-bugurl=file:///usr/share/doc/gcc-12/README.Bugs --enable-languages=c,ada,c++,go,d,fortran,objc,obj-c++,m2 --prefix=/usr --with-gcc-major-version-only --program-suffix=-12 --program-prefix=riscv64-linux-gnu- --enable-shared --enable-linker-build-id --libexecdir=/usr/lib --without-included-gettext --enable-threads=posix --libdir=/usr/lib --enable-nls --enable-clocale=gnu --enable-libstdcxx-debug --enable-libstdcxx-time=yes --with-default-libstdcxx-abi=new --enable-gnu-unique-object --disable-libitm --disable-libquadmath --disable-libquadmath-support --enable-plugin --enable-default-pie --with-system-zlib --enable-libphobos-checking=release --with-target-system-zlib=auto --enable-objc-gc=auto --enable-multiarch --disable-werror --disable-multilib --with-arch=rv64gc --with-abi=lp64d --enable-checking=release --build=riscv64-linux-gnu --host=riscv64-linux-gnu --target=riscv64-linux-gnu
Thread model: posix
Supported LTO compression algorithms: zlib zstd
gcc version 12.2.0 (Debian 12.2.0-14) 
COMPILER_PATH=/usr/lib/gcc/riscv64-linux-gnu/12/:/usr/lib/gcc/riscv64-linux-gnu/12/:/usr/lib/gcc/riscv64-linux-gnu/:/usr/lib/gcc/riscv64-linux-gnu/12/:/usr/lib/gcc/riscv64-linux-gnu/
LIBRARY_PATH=/usr/lib/gcc/riscv64-linux-gnu/12/:/lib/riscv64-linux-gnu/:/lib/:/usr/lib/riscv64-linux-gnu/:/usr/lib/
COLLECT_GCC_OPTIONS='-v' '-rdynamic' '-o' 'cmTC_3048d' '-march=rv64imafdc_zicsr_zifencei' '-mabi=lp64d' '-misa-spec=20191213' '-march=rv64imafdc_zicsr_zifencei' '-dumpdir' 'cmTC_3048d.'
 /usr/lib/gcc/riscv64-linux-gnu/12/collect2 -plugin /usr/lib/gcc/riscv64-linux-gnu/12/liblto_plugin.so -plugin-opt=/usr/lib/gcc/riscv64-linux-gnu/12/lto-wrapper -plugin-opt=-fresolution=/tmp/ccC5yBVD.res -plugin-opt=-pass-through=-lgcc -plugin-opt=-pass-through=-lgcc_s -plugin-opt=-pass-through=-lc -plugin-opt=-pass-through=-lgcc -plugin-opt=-pass-through=-lgcc_s --build-id --eh-frame-hdr -hash-style=gnu --as-needed -melf64lriscv -export-dynamic -dynamic-linker /lib/ld-linux-riscv64-lp64d.so.1 -pie -o cmTC_3048d /lib/riscv64-linux-gnu/Scrt1.o /usr/lib/gcc/riscv64-linux-gnu/12/crti.o /usr/lib/gcc/riscv64-linux-gnu/12/crtbeginS.o -L/usr/lib/gcc/riscv64-linux-gnu/12 -L/lib/riscv64-linux-gnu -L/usr/lib/riscv64-linux-gnu CMakeFiles/cmTC_3048d.dir/CMakeCCompilerABI.c.o -lgcc --push-state --as-needed -lgcc_s --pop-state -lc -lgcc --push-state --as-needed -lgcc_s --pop-state /usr/lib/gcc/riscv64-linux-gnu/12/crtendS.o /usr/lib/gcc/riscv64-linux-gnu/12/crtn.o
COLLECT_GCC_OPTIONS='-v' '-rdynamic' '-o' 'cmTC_3048d' '-march=rv64imafdc_zicsr_zifencei' '-mabi=lp64d' '-misa-spec=20191213' '-march=rv64imafdc_zicsr_zifencei' '-dumpdir' 'cmTC_3048d.'
gmake[1]: Leaving directory '/home/user/workspace/imx219_83/D219-9dof/04-stereoBM/CMakeFiles/CMakeScratch/TryCompile-AGR7eU'



Parsed C implicit include dir info from above output: rv=done
  found start of include info
  found start of implicit include info
    add: [/usr/lib/gcc/riscv64-linux-gnu/12/include]
    add: [/usr/local/include]
    add: [/usr/include/riscv64-linux-gnu]
    add: [/usr/include]
  end of search list found
  collapse include dir [/usr/lib/gcc/riscv64-linux-gnu/12/include] ==> [/usr/lib/gcc/riscv64-linux-gnu/12/include]
  collapse include dir [/usr/local/include] ==> [/usr/local/include]
  collapse include dir [/usr/include/riscv64-linux-gnu] ==> [/usr/include/riscv64-linux-gnu]
  collapse include dir [/usr/include] ==> [/usr/include]
  implicit include dirs: [/usr/lib/gcc/riscv64-linux-gnu/12/include;/usr/local/include;/usr/include/riscv64-linux-gnu;/usr/include]


Parsed C implicit link information from above output:
  link line regex: [^( *|.*[/\])(ld|CMAKE_LINK_STARTFILE-NOTFOUND|([^/\]+-)?ld|collect2)[^/\]*( |$)]
  ignore line: [Change Dir: /home/user/workspace/imx219_83/D219-9dof/04-stereoBM/CMakeFiles/CMakeScratch/TryCompile-AGR7eU]
  ignore line: []
  ignore line: [Run Build Command(s):/usr/bin/gmake -f Makefile cmTC_3048d/fast && /usr/bin/gmake  -f CMakeFiles/cmTC_3048d.dir/build.make CMakeFiles/cmTC_3048d.dir/build]
  ignore line: [gmake[1]: Entering directory '/home/user/workspace/imx219_83/D219-9dof/04-stereoBM/CMakeFiles/CMakeScratch/TryCompile-AGR7eU']
  ignore line: [Building C object CMakeFiles/cmTC_3048d.dir/CMakeCCompilerABI.c.o]
  ignore line: [/usr/bin/cc   -v -o CMakeFiles/cmTC_3048d.dir/CMakeCCompilerABI.c.o -c /usr/share/cmake-3.25/Modules/CMakeCCompilerABI.c]
  ignore line: [Using built-in specs.]
  ignore line: [COLLECT_GCC=/usr/bin/cc]
  ignore line: [Target: riscv64-linux-gnu]
  ignore line: [Configured with: ../src/configure -v --with-pkgversion='Debian 12.2.0-14' --with-bugurl=file:///usr/share/doc/gcc-12/README.Bugs --enable-languages=c ada c++ go d fortran objc obj-c++ m2 --prefix=/usr --with-gcc-major-version-only --program-suffix=-12 --program-prefix=riscv64-linux-gnu- --enable-shared --enable-linker-build-id --libexecdir=/usr/lib --without-included-gettext --enable-threads=posix --libdir=/usr/lib --enable-nls --enable-clocale=gnu --enable-libstdcxx-debug --enable-libstdcxx-time=yes --with-default-libstdcxx-abi=new --enable-gnu-unique-object --disable-libitm --disable-libquadmath --disable-libquadmath-support --enable-plugin --enable-default-pie --with-system-zlib --enable-libphobos-checking=release --with-target-system-zlib=auto --enable-objc-gc=auto --enable-multiarch --disable-werror --disable-multilib --with-arch=rv64gc --with-abi=lp64d --enable-checking=release --build=riscv64-linux-gnu --host=riscv64-linux-gnu --target=riscv64-linux-gnu]
  ignore line: [Thread model: posix]
  ignore line: [Supported LTO compression algorithms: zlib zstd]
  ignore line: [gcc version 12.2.0 (Debian 12.2.0-14) ]
  ignore line: [COLLECT_GCC_OPTIONS='-v' '-o' 'CMakeFiles/cmTC_3048d.dir/CMakeCCompilerABI.c.o' '-c' '-march=rv64imafdc_zicsr_zifencei' '-mabi=lp64d' '-misa-spec=20191213' '-march=rv64imafdc_zicsr_zifencei' '-dumpdir' 'CMakeFiles/cmTC_3048d.dir/']
  ignore line: [ /usr/lib/gcc/riscv64-linux-gnu/12/cc1 -quiet -v -imultilib . -imultiarch riscv64-linux-gnu /usr/share/cmake-3.25/Modules/CMakeCCompilerABI.c -quiet -dumpdir CMakeFiles/cmTC_3048d.dir/ -dumpbase CMakeCCompilerABI.c.c -dumpbase-ext .c -march=rv64imafdc_zicsr_zifencei -mabi=lp64d -misa-spec=20191213 -march=rv64imafdc_zicsr_zifencei -version -o /tmp/cc9zUOVd.s]
  ignore line: [GNU C17 (Debian 12.2.0-14) version 12.2.0 (riscv64-linux-gnu)]
  ignore line: [	compiled by GNU C version 12.2.0  GMP version 6.2.1  MPFR version 4.1.1-p1  MPC version 1.3.1  isl version isl-0.26-GMP]
  ignore line: []
  ignore line: [warning: MPFR header version 4.1.1-p1 differs from library version 4.2.0.]
  ignore line: [GGC heuristics: --param ggc-min-expand=100 --param ggc-min-heapsize=131072]
  ignore line: [ignoring nonexistent directory "/usr/local/include/riscv64-linux-gnu"]
  ignore line: [ignoring nonexistent directory "/usr/lib/gcc/riscv64-linux-gnu/12/include-fixed"]
  ignore line: [ignoring nonexistent directory "/usr/lib/gcc/riscv64-linux-gnu/12/../../../../riscv64-linux-gnu/include"]
  ignore line: [#include "..." search starts here:]
  ignore line: [#include <...> search starts here:]
  ignore line: [ /usr/lib/gcc/riscv64-linux-gnu/12/include]
  ignore line: [ /usr/local/include]
  ignore line: [ /usr/include/riscv64-linux-gnu]
  ignore line: [ /usr/include]
  ignore line: [End of search list.]
  ignore line: [GNU C17 (Debian 12.2.0-14) version 12.2.0 (riscv64-linux-gnu)]
  ignore line: [	compiled by GNU C version 12.2.0  GMP version 6.2.1  MPFR version 4.1.1-p1  MPC version 1.3.1  isl version isl-0.26-GMP]
  ignore line: []
  ignore line: [warning: MPFR header version 4.1.1-p1 differs from library version 4.2.0.]
  ignore line: [GGC heuristics: --param ggc-min-expand=100 --param ggc-min-heapsize=131072]
  ignore line: [Compiler executable checksum: e04bd7f5e639b1ca8a471823d02105c8]
  ignore line: [COLLECT_GCC_OPTIONS='-v' '-o' 'CMakeFiles/cmTC_3048d.dir/CMakeCCompilerABI.c.o' '-c' '-march=rv64imafdc_zicsr_zifencei' '-mabi=lp64d' '-misa-spec=20191213' '-march=rv64imafdc_zicsr_zifencei' '-dumpdir' 'CMakeFiles/cmTC_3048d.dir/']
  ignore line: [ as -v --traditional-format -fpic -march=rv64imafdc_zicsr_zifencei -march=rv64imafdc_zicsr_zifencei -mabi=lp64d -misa-spec=20191213 -o CMakeFiles/cmTC_3048d.dir/CMakeCCompilerABI.c.o /tmp/cc9zUOVd.s]
  ignore line: [GNU assembler version 2.40 (riscv64-linux-gnu) using BFD version (GNU Binutils for Debian) 2.40]
  ignore line: [COMPILER_PATH=/usr/lib/gcc/riscv64-linux-gnu/12/:/usr/lib/gcc/riscv64-linux-gnu/12/:/usr/lib/gcc/riscv64-linux-gnu/:/usr/lib/gcc/riscv64-linux-gnu/12/:/usr/lib/gcc/riscv64-linux-gnu/]
  ignore line: [LIBRARY_PATH=/usr/lib/gcc/riscv64-linux-gnu/12/:/lib/riscv64-linux-gnu/:/lib/:/usr/lib/riscv64-linux-gnu/:/usr/lib/]
  ignore line: [COLLECT_GCC_OPTIONS='-v' '-o' 'CMakeFiles/cmTC_3048d.dir/CMakeCCompilerABI.c.o' '-c' '-march=rv64imafdc_zicsr_zifencei' '-mabi=lp64d' '-misa-spec=20191213' '-march=rv64imafdc_zicsr_zifencei' '-dumpdir' 'CMakeFiles/cmTC_3048d.dir/CMakeCCompilerABI.c.']
  ignore line: [Linking C executable cmTC_3048d]
  ignore line: [/usr/bin/cmake -E cmake_link_script CMakeFiles/cmTC_3048d.dir/link.txt --verbose=1]
  ignore line: [/usr/bin/cc  -v -rdynamic CMakeFiles/cmTC_3048d.dir/CMakeCCompilerABI.c.o -o cmTC_3048d ]
  ignore line: [Using built-in specs.]
  ignore line: [COLLECT_GCC=/usr/bin/cc]
  ignore line: [COLLECT_LTO_WRAPPER=/usr/lib/gcc/riscv64-linux-gnu/12/lto-wrapper]
  ignore line: [Target: riscv64-linux-gnu]
  ignore line: [Configured with: ../src/configure -v --with-pkgversion='Debian 12.2.0-14' --with-bugurl=file:///usr/share/doc/gcc-12/README.Bugs --enable-languages=c ada c++ go d fortran objc obj-c++ m2 --prefix=/usr --with-gcc-major-version-only --program-suffix=-12 --program-prefix=riscv64-linux-gnu- --enable-shared --enable-linker-build-id --libexecdir=/usr/lib --without-included-gettext --enable-threads=posix --libdir=/usr/lib --enable-nls --enable-clocale=gnu --enable-libstdcxx-debug --enable-libstdcxx-time=yes --with-default-libstdcxx-abi=new --enable-gnu-unique-object --disable-libitm --disable-libquadmath --disable-libquadmath-support --enable-plugin --enable-default-pie --with-system-zlib --enable-libphobos-checking=release --with-target-system-zlib=auto --enable-objc-gc=auto --enable-multiarch --disable-werror --disable-multilib --with-arch=rv64gc --with-abi=lp64d --enable-checking=release --build=riscv64-linux-gnu --host=riscv64-linux-gnu --target=riscv64-linux-gnu]
  ignore line: [Thread model: posix]
  ignore line: [Supported LTO compression algorithms: zlib zstd]
  ignore line: [gcc version 12.2.0 (Debian 12.2.0-14) ]
  ignore line: [COMPILER_PATH=/usr/lib/gcc/riscv64-linux-gnu/12/:/usr/lib/gcc/riscv64-linux-gnu/12/:/usr/lib/gcc/riscv64-linux-gnu/:/usr/lib/gcc/riscv64-linux-gnu/12/:/usr/lib/gcc/riscv64-linux-gnu/]
  ignore line: [LIBRARY_PATH=/usr/lib/gcc/riscv64-linux-gnu/12/:/lib/riscv64-linux-gnu/:/lib/:/usr/lib/riscv64-linux-gnu/:/usr/lib/]
  ignore line: [COLLECT_GCC_OPTIONS='-v' '-rdynamic' '-o' 'cmTC_3048d' '-march=rv64imafdc_zicsr_zifencei' '-mabi=lp64d' '-misa-spec=20191213' '-march=rv64imafdc_zicsr_zifencei' '-dumpdir' 'cmTC_3048d.']
  link line: [ /usr/lib/gcc/riscv64-linux-gnu/12/collect2 -plugin /usr/lib/gcc/riscv64-linux-gnu/12/liblto_plugin.so -plugin-opt=/usr/lib/gcc/riscv64-linux-gnu/12/lto-wrapper -plugin-opt=-fresolution=/tmp/ccC5yBVD.res -plugin-opt=-pass-through=-lgcc -plugin-opt=-pass-through=-lgcc_s -plugin-opt=-pass-through=-lc -plugin-opt=-pass-through=-lgcc -plugin-opt=-pass-through=-lgcc_s --build-id --eh-frame-hdr -hash-style=gnu --as-needed -melf64lriscv -export-dynamic -dynamic-linker /lib/ld-linux-riscv64-lp64d.so.1 -pie -o cmTC_3048d /lib/riscv64-linux-gnu/Scrt1.o /usr/lib/gcc/riscv64-linux-gnu/12/crti.o /usr/lib/gcc/riscv64-linux-gnu/12/crtbeginS.o -L/usr/lib/gcc/riscv64-linux-gnu/12 -L/lib/riscv64-linux-gnu -L/usr/lib/riscv64-linux-gnu CMakeFiles/cmTC_3048d.dir/CMakeCCompilerABI.c.o -lgcc --push-state --as-needed -lgcc_s --pop-state -lc -lgcc --push-state --as-needed -lgcc_s --pop-state /usr/lib/gcc/riscv64-linux-gnu/12/crtendS.o /usr/lib/gcc/riscv64-linux-gnu/12/crtn.o]
    arg [/usr/lib/gcc/riscv64-linux-gnu/12/collect2] ==> ignore
    arg [-plugin] ==> ignore
    arg [/usr/lib/gcc/riscv64-linux-gnu/12/liblto_plugin.so] ==> ignore
    arg [-plugin-opt=/usr/lib/gcc/riscv64-linux-gnu/12/lto-wrapper] ==> ignore
    arg [-plugin-opt=-fresolution=/tmp/ccC5yBVD.res] ==> ignore
    arg [-plugin-opt=-pass-through=-lgcc] ==> ignore
    arg [-plugin-opt=-pass-through=-lgcc_s] ==> ignore
    arg [-plugin-opt=-pass-through=-lc] ==> ignore
    arg [-plugin-opt=-pass-through=-lgcc] ==> ignore
    arg [-plugin-opt=-pass-through=-lgcc_s] ==> ignore
    arg [--build-id] ==> ignore
    arg [--eh-frame-hdr] ==> ignore
    arg [-hash-style=gnu] ==> ignore
    arg [--as-needed] ==> ignore
    arg [-melf64lriscv] ==> ignore
    arg [-export-dynamic] ==> ignore
    arg [-dynamic-linker] ==> ignore
    arg [/lib/ld-linux-riscv64-lp64d.so.1] ==> ignore
    arg [-pie] ==> ignore
    arg [-o] ==> ignore
    arg [cmTC_3048d] ==> ignore
    arg [/lib/riscv64-linux-gnu/Scrt1.o] ==> obj [/lib/riscv64-linux-gnu/Scrt1.o]
    arg [/usr/lib/gcc/riscv64-linux-gnu/12/crti.o] ==> obj [/usr/lib/gcc/riscv64-linux-gnu/12/crti.o]
    arg [/usr/lib/gcc/riscv64-linux-gnu/12/crtbeginS.o] ==> obj [/usr/lib/gcc/riscv64-linux-gnu/12/crtbeginS.o]
    arg [-L/usr/lib/gcc/riscv64-linux-gnu/12] ==> dir [/usr/lib/gcc/riscv64-linux-gnu/12]
    arg [-L/lib/riscv64-linux-gnu] ==> dir [/lib/riscv64-linux-gnu]
    arg [-L/usr/lib/riscv64-linux-gnu] ==> dir [/usr/lib/riscv64-linux-gnu]
    arg [CMakeFiles/cmTC_3048d.dir/CMakeCCompilerABI.c.o] ==> ignore
    arg [-lgcc] ==> lib [gcc]
    arg [--push-state] ==> ignore
    arg [--as-needed] ==> ignore
    arg [-lgcc_s] ==> lib [gcc_s]
    arg [--pop-state] ==> ignore
    arg [-lc] ==> lib [c]
    arg [-lgcc] ==> lib [gcc]
    arg [--push-state] ==> ignore
    arg [--as-needed] ==> ignore
    arg [-lgcc_s] ==> lib [gcc_s]
    arg [--pop-state] ==> ignore
    arg [/usr/lib/gcc/riscv64-linux-gnu/12/crtendS.o] ==> obj [/usr/lib/gcc/riscv64-linux-gnu/12/crtendS.o]
    arg [/usr/lib/gcc/riscv64-linux-gnu/12/crtn.o] ==> obj [/usr/lib/gcc/riscv64-linux-gnu/12/crtn.o]
  collapse library dir [/usr/lib/gcc/riscv64-linux-gnu/12] ==> [/usr/lib/gcc/riscv64-linux-gnu/12]
  collapse library dir [/lib/riscv64-linux-gnu] ==> [/lib/riscv64-linux-gnu]
  collapse library dir [/usr/lib/riscv64-linux-gnu] ==> [/usr/lib/riscv64-linux-gnu]
  implicit libs: [gcc;gcc_s;c;gcc;gcc_s]
  implicit objs: [/lib/riscv64-linux-gnu/Scrt1.o;/usr/lib/gcc/riscv64-linux-gnu/12/crti.o;/usr/lib/gcc/riscv64-linux-gnu/12/crtbeginS.o;/usr/lib/gcc/riscv64-linux-gnu/12/crtendS.o;/usr/lib/gcc/riscv64-linux-gnu/12/crtn.o]
  implicit dirs: [/usr/lib/gcc/riscv64-linux-gnu/12;/lib/riscv64-linux-gnu;/usr/lib/riscv64-linux-gnu]
  implicit fwks: []


Detecting CXX compiler ABI info compiled with the following output:
Change Dir: /home/user/workspace/imx219_83/D219-9dof/04-stereoBM/CMakeFiles/CMakeScratch/TryCompile-5YNefY

Run Build Command(s):/usr/bin/gmake -f Makefile cmTC_2f093/fast && /usr/bin/gmake  -f CMakeFiles/cmTC_2f093.dir/build.make CMakeFiles/cmTC_2f093.dir/build
gmake[1]: Entering directory '/home/user/workspace/imx219_83/D219-9dof/04-stereoBM/CMakeFiles/CMakeScratch/TryCompile-5YNefY'
Building CXX object CMakeFiles/cmTC_2f093.dir/CMakeCXXCompilerABI.cpp.o
/usr/bin/c++   -v -o CMakeFiles/cmTC_2f093.dir/CMakeCXXCompilerABI.cpp.o -c /usr/share/cmake-3.25/Modules/CMakeCXXCompilerABI.cpp
Using built-in specs.
COLLECT_GCC=/usr/bin/c++
Target: riscv64-linux-gnu
Configured with: ../src/configure -v --with-pkgversion='Debian 12.2.0-14' --with-bugurl=file:///usr/share/doc/gcc-12/README.Bugs --enable-languages=c,ada,c++,go,d,fortran,objc,obj-c++,m2 --prefix=/usr --with-gcc-major-version-only --program-suffix=-12 --program-prefix=riscv64-linux-gnu- --enable-shared --enable-linker-build-id --libexecdir=/usr/lib --without-included-gettext --enable-threads=posix --libdir=/usr/lib --enable-nls --enable-clocale=gnu --enable-libstdcxx-debug --enable-libstdcxx-time=yes --with-default-libstdcxx-abi=new --enable-gnu-unique-object --disable-libitm --disable-libquadmath --disable-libquadmath-support --enable-plugin --enable-default-pie --with-system-zlib --enable-libphobos-checking=release --with-target-system-zlib=auto --enable-objc-gc=auto --enable-multiarch --disable-werror --disable-multilib --with-arch=rv64gc --with-abi=lp64d --enable-checking=release --build=riscv64-linux-gnu --host=riscv64-linux-gnu --target=riscv64-linux-gnu
Thread model: posix
Supported LTO compression algorithms: zlib zstd
gcc version 12.2.0 (Debian 12.2.0-14) 
COLLECT_GCC_OPTIONS='-v' '-o' 'CMakeFiles/cmTC_2f093.dir/CMakeCXXCompilerABI.cpp.o' '-c' '-shared-libgcc' '-march=rv64imafdc_zicsr_zifencei' '-mabi=lp64d' '-misa-spec=20191213' '-march=rv64imafdc_zicsr_zifencei' '-dumpdir' 'CMakeFiles/cmTC_2f093.dir/'
 /usr/lib/gcc/riscv64-linux-gnu/12/cc1plus -quiet -v -imultilib . -imultiarch riscv64-linux-gnu -D_GNU_SOURCE /usr/share/cmake-3.25/Modules/CMakeCXXCompilerABI.cpp -quiet -dumpdir CMakeFiles/cmTC_2f093.dir/ -dumpbase CMakeCXXCompilerABI.cpp.cpp -dumpbase-ext .cpp -march=rv64imafdc_zicsr_zifencei -mabi=lp64d -misa-spec=20191213 -march=rv64imafdc_zicsr_zifencei -version -o /tmp/ccNZvPNG.s
GNU C++17 (Debian 12.2.0-14) version 12.2.0 (riscv64-linux-gnu)
	compiled by GNU C version 12.2.0, GMP version 6.2.1, MPFR version 4.1.1-p1, MPC version 1.3.1, isl version isl-0.26-GMP

warning: MPFR header version 4.1.1-p1 differs from library version 4.2.0.
GGC heuristics: --param ggc-min-expand=100 --param ggc-min-heapsize=131072
ignoring duplicate directory "/usr/include/riscv64-linux-gnu/c++/12"
ignoring nonexistent directory "/usr/local/include/riscv64-linux-gnu"
ignoring nonexistent directory "/usr/lib/gcc/riscv64-linux-gnu/12/include-fixed"
ignoring nonexistent directory "/usr/lib/gcc/riscv64-linux-gnu/12/../../../../riscv64-linux-gnu/include"
#include "..." search starts here:
#include <...> search starts here:
 /usr/include/c++/12
 /usr/include/riscv64-linux-gnu/c++/12
 /usr/include/c++/12/backward
 /usr/lib/gcc/riscv64-linux-gnu/12/include
 /usr/local/include
 /usr/include/riscv64-linux-gnu
 /usr/include
End of search list.
GNU C++17 (Debian 12.2.0-14) version 12.2.0 (riscv64-linux-gnu)
	compiled by GNU C version 12.2.0, GMP version 6.2.1, MPFR version 4.1.1-p1, MPC version 1.3.1, isl version isl-0.26-GMP

warning: MPFR header version 4.1.1-p1 differs from library version 4.2.0.
GGC heuristics: --param ggc-min-expand=100 --param ggc-min-heapsize=131072
Compiler executable checksum: 53bf64ab6e2ef3963c960a6e615a7fbf
COLLECT_GCC_OPTIONS='-v' '-o' 'CMakeFiles/cmTC_2f093.dir/CMakeCXXCompilerABI.cpp.o' '-c' '-shared-libgcc' '-march=rv64imafdc_zicsr_zifencei' '-mabi=lp64d' '-misa-spec=20191213' '-march=rv64imafdc_zicsr_zifencei' '-dumpdir' 'CMakeFiles/cmTC_2f093.dir/'
 as -v --traditional-format -fpic -march=rv64imafdc_zicsr_zifencei -march=rv64imafdc_zicsr_zifencei -mabi=lp64d -misa-spec=20191213 -o CMakeFiles/cmTC_2f093.dir/CMakeCXXCompilerABI.cpp.o /tmp/ccNZvPNG.s
GNU assembler version 2.40 (riscv64-linux-gnu) using BFD version (GNU Binutils for Debian) 2.40
COMPILER_PATH=/usr/lib/gcc/riscv64-linux-gnu/12/:/usr/lib/gcc/riscv64-linux-gnu/12/:/usr/lib/gcc/riscv64-linux-gnu/:/usr/lib/gcc/riscv64-linux-gnu/12/:/usr/lib/gcc/riscv64-linux-gnu/
LIBRARY_PATH=/usr/lib/gcc/riscv64-linux-gnu/12/:/lib/riscv64-linux-gnu/:/lib/:/usr/lib/riscv64-linux-gnu/:/usr/lib/
COLLECT_GCC_OPTIONS='-v' '-o' 'CMakeFiles/cmTC_2f093.dir/CMakeCXXCompilerABI.cpp.o' '-c' '-shared-libgcc' '-march=rv64imafdc_zicsr_zifencei' '-mabi=lp64d' '-misa-spec=20191213' '-march=rv64imafdc_zicsr_zifencei' '-dumpdir' 'CMakeFiles/cmTC_2f093.dir/CMakeCXXCompilerABI.cpp.'
Linking CXX executable cmTC_2f093
/usr/bin/cmake -E cmake_link_script CMakeFiles/cmTC_2f093.dir/link.txt --verbose=1
/usr/bin/c++  -v -rdynamic CMakeFiles/cmTC_2f093.dir/CMakeCXXCompilerABI.cpp.o -o cmTC_2f093 
Using built-in specs.
COLLECT_GCC=/usr/bin/c++
COLLECT_LTO_WRAPPER=/usr/lib/gcc/riscv64-linux-gnu/12/lto-wrapper
Target: riscv64-linux-gnu
Configured with: ../src/configure -v --with-pkgversion='Debian 12.2.0-14' --with-bugurl=file:///usr/share/doc/gcc-12/README.Bugs --enable-languages=c,ada,c++,go,d,fortran,objc,obj-c++,m2 --prefix=/usr --with-gcc-major-version-only --program-suffix=-12 --program-prefix=riscv64-linux-gnu- --enable-shared --enable-linker-build-id --libexecdir=/usr/lib --without-included-gettext --enable-threads=posix --libdir=/usr/lib --enable-nls --enable-clocale=gnu --enable-libstdcxx-debug --enable-libstdcxx-time=yes --with-default-libstdcxx-abi=new --enable-gnu-unique-object --disable-libitm --disable-libquadmath --disable-libquadmath-support --enable-plugin --enable-default-pie --with-system-zlib --enable-libphobos-checking=release --with-target-system-zlib=auto --enable-objc-gc=auto --enable-multiarch --disable-werror --disable-multilib --with-arch=rv64gc --with-abi=lp64d --enable-checking=release --build=riscv64-linux-gnu --host=riscv64-linux-gnu --target=riscv64-linux-gnu
Thread model: posix
Supported LTO compression algorithms: zlib zstd
gcc version 12.2.0 (Debian 12.2.0-14) 
COMPILER_PATH=/usr/lib/gcc/riscv64-linux-gnu/12/:/usr/lib/gcc/riscv64-linux-gnu/12/:/usr/lib/gcc/riscv64-linux-gnu/:/usr/lib/gcc/riscv64-linux-gnu/12/:/usr/lib/gcc/riscv64-linux-gnu/
LIBRARY_PATH=/usr/lib/gcc/riscv64-linux-gnu/12/:/lib/riscv64-linux-gnu/:/lib/:/usr/lib/riscv64-linux-gnu/:/usr/lib/
COLLECT_GCC_OPTIONS='-v' '-rdynamic' '-o' 'cmTC_2f093' '-shared-libgcc' '-march=rv64imafdc_zicsr_zifencei' '-mabi=lp64d' '-misa-spec=20191213' '-march=rv64imafdc_zicsr_zifencei' '-dumpdir' 'cmTC_2f093.'
 /usr/lib/gcc/riscv64-linux-gnu/12/collect2 -plugin /usr/lib/gcc/riscv64-linux-gnu/12/liblto_plugin.so -plugin-opt=/usr/lib/gcc/riscv64-linux-gnu/12/lto-wrapper -plugin-opt=-fresolution=/tmp/ccEbUxid.res -plugin-opt=-pass-through=-lgcc_s -plugin-opt=-pass-through=-lgcc -plugin-opt=-pass-through=-lc -plugin-opt=-pass-through=-lgcc_s -plugin-opt=-pass-through=-lgcc --build-id --eh-frame-hdr -hash-style=gnu --as-needed -melf64lriscv -export-dynamic -dynamic-linker /lib/ld-linux-riscv64-lp64d.so.1 -pie -o cmTC_2f093 /lib/riscv64-linux-gnu/Scrt1.o /usr/lib/gcc/riscv64-linux-gnu/12/crti.o /usr/lib/gcc/riscv64-linux-gnu/12/crtbeginS.o -L/usr/lib/gcc/riscv64-linux-gnu/12 -L/lib/riscv64-linux-gnu -L/usr/lib/riscv64-linux-gnu CMakeFiles/cmTC_2f093.dir/CMakeCXXCompilerABI.cpp.o -lstdc++ -lm -lgcc_s -lgcc -lc -lgcc_s -lgcc /usr/lib/gcc/riscv64-linux-gnu/12/crtendS.o /usr/lib/gcc/riscv64-linux-gnu/12/crtn.o
COLLECT_GCC_OPTIONS='-v' '-rdynamic' '-o' 'cmTC_2f093' '-shared-libgcc' '-march=rv64imafdc_zicsr_zifencei' '-mabi=lp64d' '-misa-spec=20191213' '-march=rv64imafdc_zicsr_zifencei' '-dumpdir' 'cmTC_2f093.'
gmake[1]: Leaving directory '/home/user/workspace/imx219_83/D219-9dof/04-stereoBM/CMakeFiles/CMakeScratch/TryCompile-5YNefY'



Parsed CXX implicit include dir info from above output: rv=done
  found start of include info
  found start of implicit include info
    add: [/usr/include/c++/12]
    add: [/usr/include/riscv64-linux-gnu/c++/12]
    add: [/usr/include/c++/12/backward]
    add: [/usr/lib/gcc/riscv64-linux-gnu/12/include]
    add: [/usr/local/include]
    add: [/usr/include/riscv64-linux-gnu]
    add: [/usr/include]
  end of search list found
  collapse include dir [/usr/include/c++/12] ==> [/usr/include/c++/12]
  collapse include dir [/usr/include/riscv64-linux-gnu/c++/12] ==> [/usr/include/riscv64-linux-gnu/c++/12]
  collapse include dir [/usr/include/c++/12/backward] ==> [/usr/include/c++/12/backward]
  collapse include dir [/usr/lib/gcc/riscv64-linux-gnu/12/include] ==> [/usr/lib/gcc/riscv64-linux-gnu/12/include]
  collapse include dir [/usr/local/include] ==> [/usr/local/include]
  collapse include dir [/usr/include/riscv64-linux-gnu] ==> [/usr/include/riscv64-linux-gnu]
  collapse include dir [/usr/include] ==> [/usr/include]
  implicit include dirs: [/usr/include/c++/12;/usr/include/riscv64-linux-gnu/c++/12;/usr/include/c++/12/backward;/usr/lib/gcc/riscv64-linux-gnu/12/include;/usr/local/include;/usr/include/riscv64-linux-gnu;/usr/include]


Parsed CXX implicit link information from above output:
  link line regex: [^( *|.*[/\])(ld|CMAKE_LINK_STARTFILE-NOTFOUND|([^/\]+-)?ld|collect2)[^/\]*( |$)]
  ignore line: [Change Dir: /home/user/workspace/imx219_83/D219-9dof/04-stereoBM/CMakeFiles/CMakeScratch/TryCompile-5YNefY]
  ignore line: []
  ignore line: [Run Build Command(s):/usr/bin/gmake -f Makefile cmTC_2f093/fast && /usr/bin/gmake  -f CMakeFiles/cmTC_2f093.dir/build.make CMakeFiles/cmTC_2f093.dir/build]
  ignore line: [gmake[1]: Entering directory '/home/user/workspace/imx219_83/D219-9dof/04-stereoBM/CMakeFiles/CMakeScratch/TryCompile-5YNefY']
  ignore line: [Building CXX object CMakeFiles/cmTC_2f093.dir/CMakeCXXCompilerABI.cpp.o]
  ignore line: [/usr/bin/c++   -v -o CMakeFiles/cmTC_2f093.dir/CMakeCXXCompilerABI.cpp.o -c /usr/share/cmake-3.25/Modules/CMakeCXXCompilerABI.cpp]
  ignore line: [Using built-in specs.]
  ignore line: [COLLECT_GCC=/usr/bin/c++]
  ignore line: [Target: riscv64-linux-gnu]
  ignore line: [Configured with: ../src/configure -v --with-pkgversion='Debian 12.2.0-14' --with-bugurl=file:///usr/share/doc/gcc-12/README.Bugs --enable-languages=c ada c++ go d fortran objc obj-c++ m2 --prefix=/usr --with-gcc-major-version-only --program-suffix=-12 --program-prefix=riscv64-linux-gnu- --enable-shared --enable-linker-build-id --libexecdir=/usr/lib --without-included-gettext --enable-threads=posix --libdir=/usr/lib --enable-nls --enable-clocale=gnu --enable-libstdcxx-debug --enable-libstdcxx-time=yes --with-default-libstdcxx-abi=new --enable-gnu-unique-object --disable-libitm --disable-libquadmath --disable-libquadmath-support --enable-plugin --enable-default-pie --with-system-zlib --enable-libphobos-checking=release --with-target-system-zlib=auto --enable-objc-gc=auto --enable-multiarch --disable-werror --disable-multilib --with-arch=rv64gc --with-abi=lp64d --enable-checking=release --build=riscv64-linux-gnu --host=riscv64-linux-gnu --target=riscv64-linux-gnu]
  ignore line: [Thread model: posix]
  ignore line: [Supported LTO compression algorithms: zlib zstd]
  ignore line: [gcc version 12.2.0 (Debian 12.2.0-14) ]
  ignore line: [COLLECT_GCC_OPTIONS='-v' '-o' 'CMakeFiles/cmTC_2f093.dir/CMakeCXXCompilerABI.cpp.o' '-c' '-shared-libgcc' '-march=rv64imafdc_zicsr_zifencei' '-mabi=lp64d' '-misa-spec=20191213' '-march=rv64imafdc_zicsr_zifencei' '-dumpdir' 'CMakeFiles/cmTC_2f093.dir/']
  ignore line: [ /usr/lib/gcc/riscv64-linux-gnu/12/cc1plus -quiet -v -imultilib . -imultiarch riscv64-linux-gnu -D_GNU_SOURCE /usr/share/cmake-3.25/Modules/CMakeCXXCompilerABI.cpp -quiet -dumpdir CMakeFiles/cmTC_2f093.dir/ -dumpbase CMakeCXXCompilerABI.cpp.cpp -dumpbase-ext .cpp -march=rv64imafdc_zicsr_zifencei -mabi=lp64d -misa-spec=20191213 -march=rv64imafdc_zicsr_zifencei -version -o /tmp/ccNZvPNG.s]
  ignore line: [GNU C++17 (Debian 12.2.0-14) version 12.2.0 (riscv64-linux-gnu)]
  ignore line: [	compiled by GNU C version 12.2.0  GMP version 6.2.1  MPFR version 4.1.1-p1  MPC version 1.3.1  isl version isl-0.26-GMP]
  ignore line: []
  ignore line: [warning: MPFR header version 4.1.1-p1 differs from library version 4.2.0.]
  ignore line: [GGC heuristics: --param ggc-min-expand=100 --param ggc-min-heapsize=131072]
  ignore line: [ignoring duplicate directory "/usr/include/riscv64-linux-gnu/c++/12"]
  ignore line: [ignoring nonexistent directory "/usr/local/include/riscv64-linux-gnu"]
  ignore line: [ignoring nonexistent directory "/usr/lib/gcc/riscv64-linux-gnu/12/include-fixed"]
  ignore line: [ignoring nonexistent directory "/usr/lib/gcc/riscv64-linux-gnu/12/../../../../riscv64-linux-gnu/include"]
  ignore line: [#include "..." search starts here:]
  ignore line: [#include <...> search starts here:]
  ignore line: [ /usr/include/c++/12]
  ignore line: [ /usr/include/riscv64-linux-gnu/c++/12]
  ignore line: [ /usr/include/c++/12/backward]
  ignore line: [ /usr/lib/gcc/riscv64-linux-gnu/12/include]
  ignore line: [ /usr/local/include]
  ignore line: [ /usr/include/riscv64-linux-gnu]
  ignore line: [ /usr/include]
  ignore line: [End of search list.]
  ignore line: [GNU C++17 (Debian 12.2.0-14) version 12.2.0 (riscv64-linux-gnu)]
  ignore line: [	compiled by GNU C version 12.2.0  GMP version 6.2.1  MPFR version 4.1.1-p1  MPC version 1.3.1  isl version isl-0.26-GMP]
  ignore line: []
  ignore line: [warning: MPFR header version 4.1.1-p1 differs from library version 4.2.0.]
  ignore line: [GGC heuristics: --param ggc-min-expand=100 --param ggc-min-heapsize=131072]
  ignore line: [Compiler executable checksum: 53bf64ab6e2ef3963c960a6e615a7fbf]
  ignore line: [COLLECT_GCC_OPTIONS='-v' '-o' 'CMakeFiles/cmTC_2f093.dir/CMakeCXXCompilerABI.cpp.o' '-c' '-shared-libgcc' '-march=rv64imafdc_zicsr_zifencei' '-mabi=lp64d' '-misa-spec=20191213' '-march=rv64imafdc_zicsr_zifencei' '-dumpdir' 'CMakeFiles/cmTC_2f093.dir/']
  ignore line: [ as -v --traditional-format -fpic -march=rv64imafdc_zicsr_zifencei -march=rv64imafdc_zicsr_zifencei -mabi=lp64d -misa-spec=20191213 -o CMakeFiles/cmTC_2f093.dir/CMakeCXXCompilerABI.cpp.o /tmp/ccNZvPNG.s]
  ignore line: [GNU assembler version 2.40 (riscv64-linux-gnu) using BFD version (GNU Binutils for Debian) 2.40]
  ignore line: [COMPILER_PATH=/usr/lib/gcc/riscv64-linux-gnu/12/:/usr/lib/gcc/riscv64-linux-gnu/12/:/usr/lib/gcc/riscv64-linux-gnu/:/usr/lib/gcc/riscv64-linux-gnu/12/:/usr/lib/gcc/riscv64-linux-gnu/]
  ignore line: [LIBRARY_PATH=/usr/lib/gcc/riscv64-linux-gnu/12/:/lib/riscv64-linux-gnu/:/lib/:/usr/lib/riscv64-linux-gnu/:/usr/lib/]
  ignore line: [COLLECT_GCC_OPTIONS='-v' '-o' 'CMakeFiles/cmTC_2f093.dir/CMakeCXXCompilerABI.cpp.o' '-c' '-shared-libgcc' '-march=rv64imafdc_zicsr_zifencei' '-mabi=lp64d' '-misa-spec=20191213' '-march=rv64imafdc_zicsr_zifencei' '-dumpdir' 'CMakeFiles/cmTC_2f093.dir/CMakeCXXCompilerABI.cpp.']
  ignore line: [Linking CXX executable cmTC_2f093]
  ignore line: [/usr/bin/cmake -E cmake_link_script CMakeFiles/cmTC_2f093.dir/link.txt --verbose=1]
  ignore line: [/usr/bin/c++  -v -rdynamic CMakeFiles/cmTC_2f093.dir/CMakeCXXCompilerABI.cpp.o -o cmTC_2f093 ]
  ignore line: [Using built-in specs.]
  ignore line: [COLLECT_GCC=/usr/bin/c++]
  ignore line: [COLLECT_LTO_WRAPPER=/usr/lib/gcc/riscv64-linux-gnu/12/lto-wrapper]
  ignore line: [Target: riscv64-linux-gnu]
  ignore line: [Configured with: ../src/configure -v --with-pkgversion='Debian 12.2.0-14' --with-bugurl=file:///usr/share/doc/gcc-12/README.Bugs --enable-languages=c ada c++ go d fortran objc obj-c++ m2 --prefix=/usr --with-gcc-major-version-only --program-suffix=-12 --program-prefix=riscv64-linux-gnu- --enable-shared --enable-linker-build-id --libexecdir=/usr/lib --without-included-gettext --enable-threads=posix --libdir=/usr/lib --enable-nls --enable-clocale=gnu --enable-libstdcxx-debug --enable-libstdcxx-time=yes --with-default-libstdcxx-abi=new --enable-gnu-unique-object --disable-libitm --disable-libquadmath --disable-libquadmath-support --enable-plugin --enable-default-pie --with-system-zlib --enable-libphobos-checking=release --with-target-system-zlib=auto --enable-objc-gc=auto --enable-multiarch --disable-werror --disable-multilib --with-arch=rv64gc --with-abi=lp64d --enable-checking=release --build=riscv64-linux-gnu --host=riscv64-linux-gnu --target=riscv64-linux-gnu]
  ignore line: [Thread model: posix]
  ignore line: [Supported LTO compression algorithms: zlib zstd]
  ignore line: [gcc version 12.2.0 (Debian 12.2.0-14) ]
  ignore line: [COMPILER_PATH=/usr/lib/gcc/riscv64-linux-gnu/12/:/usr/lib/gcc/riscv64-linux-gnu/12/:/usr/lib/gcc/riscv64-linux-gnu/:/usr/lib/gcc/riscv64-linux-gnu/12/:/usr/lib/gcc/riscv64-linux-gnu/]
  ignore line: [LIBRARY_PATH=/usr/lib/gcc/riscv64-linux-gnu/12/:/lib/riscv64-linux-gnu/:/lib/:/usr/lib/riscv64-linux-gnu/:/usr/lib/]
  ignore line: [COLLECT_GCC_OPTIONS='-v' '-rdynamic' '-o' 'cmTC_2f093' '-shared-libgcc' '-march=rv64imafdc_zicsr_zifencei' '-mabi=lp64d' '-misa-spec=20191213' '-march=rv64imafdc_zicsr_zifencei' '-dumpdir' 'cmTC_2f093.']
  link line: [ /usr/lib/gcc/riscv64-linux-gnu/12/collect2 -plugin /usr/lib/gcc/riscv64-linux-gnu/12/liblto_plugin.so -plugin-opt=/usr/lib/gcc/riscv64-linux-gnu/12/lto-wrapper -plugin-opt=-fresolution=/tmp/ccEbUxid.res -plugin-opt=-pass-through=-lgcc_s -plugin-opt=-pass-through=-lgcc -plugin-opt=-pass-through=-lc -plugin-opt=-pass-through=-lgcc_s -plugin-opt=-pass-through=-lgcc --build-id --eh-frame-hdr -hash-style=gnu --as-needed -melf64lriscv -export-dynamic -dynamic-linker /lib/ld-linux-riscv64-lp64d.so.1 -pie -o cmTC_2f093 /lib/riscv64-linux-gnu/Scrt1.o /usr/lib/gcc/riscv64-linux-gnu/12/crti.o /usr/lib/gcc/riscv64-linux-gnu/12/crtbeginS.o -L/usr/lib/gcc/riscv64-linux-gnu/12 -L/lib/riscv64-linux-gnu -L/usr/lib/riscv64-linux-gnu CMakeFiles/cmTC_2f093.dir/CMakeCXXCompilerABI.cpp.o -lstdc++ -lm -lgcc_s -lgcc -lc -lgcc_s -lgcc /usr/lib/gcc/riscv64-linux-gnu/12/crtendS.o /usr/lib/gcc/riscv64-linux-gnu/12/crtn.o]
    arg [/usr/lib/gcc/riscv64-linux-gnu/12/collect2] ==> ignore
    arg [-plugin] ==> ignore
    arg [/usr/lib/gcc/riscv64-linux-gnu/12/liblto_plugin.so] ==> ignore
    arg [-plugin-opt=/usr/lib/gcc/riscv64-linux-gnu/12/lto-wrapper] ==> ignore
    arg [-plugin-opt=-fresolution=/tmp/ccEbUxid.res] ==> ignore
    arg [-plugin-opt=-pass-through=-lgcc_s] ==> ignore
    arg [-plugin-opt=-pass-through=-lgcc] ==> ignore
    arg [-plugin-opt=-pass-through=-lc] ==> ignore
    arg [-plugin-opt=-pass-through=-lgcc_s] ==> ignore
    arg [-plugin-opt=-pass-through=-lgcc] ==> ignore
    arg [--build-id] ==> ignore
    arg [--eh-frame-hdr] ==> ignore
    arg [-hash-style=gnu] ==> ignore
    arg [--as-needed] ==> ignore
    arg [-melf64lriscv] ==> ignore
    arg [-export-dynamic] ==> ignore
    arg [-dynamic-linker] ==> ignore
    arg [/lib/ld-linux-riscv64-lp64d.so.1] ==> ignore
    arg [-pie] ==> ignore
    arg [-o] ==> ignore
    arg [cmTC_2f093] ==> ignore
    arg [/lib/riscv64-linux-gnu/Scrt1.o] ==> obj [/lib/riscv64-linux-gnu/Scrt1.o]
    arg [/usr/lib/gcc/riscv64-linux-gnu/12/crti.o] ==> obj [/usr/lib/gcc/riscv64-linux-gnu/12/crti.o]
    arg [/usr/lib/gcc/riscv64-linux-gnu/12/crtbeginS.o] ==> obj [/usr/lib/gcc/riscv64-linux-gnu/12/crtbeginS.o]
    arg [-L/usr/lib/gcc/riscv64-linux-gnu/12] ==> dir [/usr/lib/gcc/riscv64-linux-gnu/12]
    arg [-L/lib/riscv64-linux-gnu] ==> dir [/lib/riscv64-linux-gnu]
    arg [-L/usr/lib/riscv64-linux-gnu] ==> dir [/usr/lib/riscv64-linux-gnu]
    arg [CMakeFiles/cmTC_2f093.dir/CMakeCXXCompilerABI.cpp.o] ==> ignore
    arg [-lstdc++] ==> lib [stdc++]
    arg [-lm] ==> lib [m]
    arg [-lgcc_s] ==> lib [gcc_s]
    arg [-lgcc] ==> lib [gcc]
    arg [-lc] ==> lib [c]
    arg [-lgcc_s] ==> lib [gcc_s]
    arg [-lgcc] ==> lib [gcc]
    arg [/usr/lib/gcc/riscv64-linux-gnu/12/crtendS.o] ==> obj [/usr/lib/gcc/riscv64-linux-gnu/12/crtendS.o]
    arg [/usr/lib/gcc/riscv64-linux-gnu/12/crtn.o] ==> obj [/usr/lib/gcc/riscv64-linux-gnu/12/crtn.o]
  collapse library dir [/usr/lib/gcc/riscv64-linux-gnu/12] ==> [/usr/lib/gcc/riscv64-linux-gnu/12]
  collapse library dir [/lib/riscv64-linux-gnu] ==> [/lib/riscv64-linux-gnu]
  collapse library dir [/usr/lib/riscv64-linux-gnu] ==> [/usr/lib/riscv64-linux-gnu]
  implicit libs: [stdc++;m;gcc_s;gcc;c;gcc_s;gcc]
  implicit objs: [/lib/riscv64-linux-gnu/Scrt1.o;/usr/lib/gcc/riscv64-linux-gnu/12/crti.o;/usr/lib/gcc/riscv64-linux-gnu/12/crtbeginS.o;/usr/lib/gcc/riscv64-linux-gnu/12/crtendS.o;/usr/lib/gcc/riscv64-linux-gnu/12/crtn.o]
  implicit dirs: [/usr/lib/gcc/riscv64-linux-gnu/12;/lib/riscv64-linux-gnu;/usr/lib/riscv64-linux-gnu]
  implicit fwks: []


